#-----------------------------------------------------------
# Vivado v2016.2 (64-bit)
# SW Build 1577090 on Thu Jun  2 16:32:40 MDT 2016
# IP Build 1577682 on Fri Jun  3 12:00:54 MDT 2016
# Start of session at: Fri Aug 19 15:16:15 2016
# Process ID: 5332
# Current directory: C:/Users/RazBB/Desktop/RP_FPGA/RP_out_mix
# Command line: vivado.exe -gui_launcher_event rodinguilauncherevent3164 C:\Users\RazBB\Desktop\RP_FPGA\RP_out_mix\RP_out_mix.xpr
# Log file: C:/Users/RazBB/Desktop/RP_FPGA/RP_out_mix/vivado.log
# Journal file: C:/Users/RazBB/Desktop/RP_FPGA/RP_out_mix\vivado.jou
#-----------------------------------------------------------
start_gui
open_project C:/Users/RazBB/Desktop/RP_FPGA/RP_out_mix/RP_out_mix.xpr
Scanning sources...
Finished scanning sources
INFO: [IP_Flow 19-234] Refreshing IP repositories
INFO: [IP_Flow 19-1704] No user IP repositories specified
INFO: [IP_Flow 19-2313] Loaded Vivado IP repository 'C:/Xilinx/Vivado/2016.2/data/ip'.
open_project: Time (s): cpu = 00:01:02 ; elapsed = 00:00:33 . Memory (MB): peak = 809.008 ; gain = 155.770
update_compile_order -fileset sources_1
save_project_as RP_working_backup C:/Users/RazBB/Desktop/RP_FPGA/RP_working_backup -force
save_project_as: Time (s): cpu = 00:00:15 ; elapsed = 00:00:16 . Memory (MB): peak = 809.008 ; gain = 0.000
exit
INFO: [Common 17-206] Exiting Vivado at Fri Aug 19 15:18:42 2016...
