
*** Running vivado
    with args -log Sine_wave.vds -m64 -mode batch -messageDb vivado.pb -notrace -source Sine_wave.tcl


****** Vivado v2016.2 (64-bit)
  **** SW Build 1577090 on Thu Jun  2 16:32:40 MDT 2016
  **** IP Build 1577682 on Fri Jun  3 12:00:54 MDT 2016
    ** Copyright 1986-2016 Xilinx, Inc. All Rights Reserved.

source Sine_wave.tcl -notrace
Command: synth_design -top Sine_wave -part xc7z010clg400-1 -mode out_of_context
Starting synth_design
Attempting to get a license for feature 'Synthesis' and/or device 'xc7z010'
INFO: [Common 17-349] Got license for feature 'Synthesis' and/or device 'xc7z010'
INFO: Launching helper process for spawning children vivado processes
INFO: Helper process launched with PID 6904 
---------------------------------------------------------------------------------
Starting RTL Elaboration : Time (s): cpu = 00:00:24 ; elapsed = 00:00:31 . Memory (MB): peak = 295.008 ; gain = 88.219
---------------------------------------------------------------------------------
INFO: [Synth 8-638] synthesizing module 'Sine_wave' [c:/Users/RazBB/Desktop/RP_FPGA/RP_out_mix/RP_out_mix.srcs/sources_1/ip/Sine_wave/synth/Sine_wave.vhd:69]
WARNING: [Synth 8-5640] Port 'debug_axi_pinc_in' is missing in component declaration [c:/Users/RazBB/Desktop/RP_FPGA/RP_out_mix/RP_out_mix.srcs/sources_1/ip/Sine_wave/synth/Sine_wave.vhd:72]
WARNING: [Synth 8-5640] Port 'debug_axi_poff_in' is missing in component declaration [c:/Users/RazBB/Desktop/RP_FPGA/RP_out_mix/RP_out_mix.srcs/sources_1/ip/Sine_wave/synth/Sine_wave.vhd:72]
WARNING: [Synth 8-5640] Port 'debug_axi_resync_in' is missing in component declaration [c:/Users/RazBB/Desktop/RP_FPGA/RP_out_mix/RP_out_mix.srcs/sources_1/ip/Sine_wave/synth/Sine_wave.vhd:72]
WARNING: [Synth 8-5640] Port 'debug_axi_chan_in' is missing in component declaration [c:/Users/RazBB/Desktop/RP_FPGA/RP_out_mix/RP_out_mix.srcs/sources_1/ip/Sine_wave/synth/Sine_wave.vhd:72]
WARNING: [Synth 8-5640] Port 'debug_core_nd' is missing in component declaration [c:/Users/RazBB/Desktop/RP_FPGA/RP_out_mix/RP_out_mix.srcs/sources_1/ip/Sine_wave/synth/Sine_wave.vhd:72]
WARNING: [Synth 8-5640] Port 'debug_phase' is missing in component declaration [c:/Users/RazBB/Desktop/RP_FPGA/RP_out_mix/RP_out_mix.srcs/sources_1/ip/Sine_wave/synth/Sine_wave.vhd:72]
WARNING: [Synth 8-5640] Port 'debug_phase_nd' is missing in component declaration [c:/Users/RazBB/Desktop/RP_FPGA/RP_out_mix/RP_out_mix.srcs/sources_1/ip/Sine_wave/synth/Sine_wave.vhd:72]
INFO: [Synth 8-3491] module 'dds_compiler_v6_0_12' declared at 'c:/Users/RazBB/Desktop/RP_FPGA/RP_out_mix/RP_out_mix.srcs/sources_1/ip/Sine_wave/dds_compiler_v6_0_12/hdl/dds_compiler_v6_0.vhd:60' bound to instance 'U0' of component 'dds_compiler_v6_0_12' [c:/Users/RazBB/Desktop/RP_FPGA/RP_out_mix/RP_out_mix.srcs/sources_1/ip/Sine_wave/synth/Sine_wave.vhd:170]
INFO: [Synth 8-256] done synthesizing module 'Sine_wave' (13#1) [c:/Users/RazBB/Desktop/RP_FPGA/RP_out_mix/RP_out_mix.srcs/sources_1/ip/Sine_wave/synth/Sine_wave.vhd:69]
WARNING: [Synth 8-3331] design xbip_pipe_v3_0_2_viv has unconnected port SSET
WARNING: [Synth 8-3331] design xbip_pipe_v3_0_2_viv has unconnected port SINIT
WARNING: [Synth 8-3331] design xbip_pipe_v3_0_2_viv__parameterized13 has unconnected port CLK
WARNING: [Synth 8-3331] design xbip_pipe_v3_0_2_viv__parameterized13 has unconnected port CE
WARNING: [Synth 8-3331] design xbip_pipe_v3_0_2_viv__parameterized13 has unconnected port SCLR
WARNING: [Synth 8-3331] design xbip_pipe_v3_0_2_viv__parameterized13 has unconnected port SSET
WARNING: [Synth 8-3331] design xbip_pipe_v3_0_2_viv__parameterized13 has unconnected port SINIT
WARNING: [Synth 8-3331] design xbip_pipe_v3_0_2_viv__parameterized11 has unconnected port SCLR
WARNING: [Synth 8-3331] design xbip_pipe_v3_0_2_viv__parameterized11 has unconnected port SSET
WARNING: [Synth 8-3331] design xbip_pipe_v3_0_2_viv__parameterized11 has unconnected port SINIT
WARNING: [Synth 8-3331] design xbip_pipe_v3_0_2_viv__parameterized43 has unconnected port CLK
WARNING: [Synth 8-3331] design xbip_pipe_v3_0_2_viv__parameterized43 has unconnected port CE
WARNING: [Synth 8-3331] design xbip_pipe_v3_0_2_viv__parameterized43 has unconnected port SCLR
WARNING: [Synth 8-3331] design xbip_pipe_v3_0_2_viv__parameterized43 has unconnected port SSET
WARNING: [Synth 8-3331] design xbip_pipe_v3_0_2_viv__parameterized43 has unconnected port SINIT
WARNING: [Synth 8-3331] design xbip_pipe_v3_0_2_viv__parameterized37 has unconnected port CLK
WARNING: [Synth 8-3331] design xbip_pipe_v3_0_2_viv__parameterized37 has unconnected port CE
WARNING: [Synth 8-3331] design xbip_pipe_v3_0_2_viv__parameterized37 has unconnected port SCLR
WARNING: [Synth 8-3331] design xbip_pipe_v3_0_2_viv__parameterized37 has unconnected port SSET
WARNING: [Synth 8-3331] design xbip_pipe_v3_0_2_viv__parameterized37 has unconnected port SINIT
WARNING: [Synth 8-3331] design xbip_pipe_v3_0_2_viv__parameterized35 has unconnected port CLK
WARNING: [Synth 8-3331] design xbip_pipe_v3_0_2_viv__parameterized35 has unconnected port CE
WARNING: [Synth 8-3331] design xbip_pipe_v3_0_2_viv__parameterized35 has unconnected port SCLR
WARNING: [Synth 8-3331] design xbip_pipe_v3_0_2_viv__parameterized35 has unconnected port SSET
WARNING: [Synth 8-3331] design xbip_pipe_v3_0_2_viv__parameterized35 has unconnected port SINIT
WARNING: [Synth 8-3331] design xbip_dsp48e1_wrapper_v3_0 has unconnected port CEA1
WARNING: [Synth 8-3331] design xbip_dsp48e1_wrapper_v3_0 has unconnected port CEA2
WARNING: [Synth 8-3331] design xbip_dsp48e1_wrapper_v3_0 has unconnected port CEB1
WARNING: [Synth 8-3331] design xbip_dsp48e1_wrapper_v3_0 has unconnected port CEB2
WARNING: [Synth 8-3331] design xbip_dsp48e1_wrapper_v3_0 has unconnected port CEAD
WARNING: [Synth 8-3331] design xbip_dsp48e1_wrapper_v3_0 has unconnected port CED
WARNING: [Synth 8-3331] design xbip_dsp48e1_wrapper_v3_0 has unconnected port CEC
WARNING: [Synth 8-3331] design xbip_dsp48e1_wrapper_v3_0 has unconnected port CECARRYIN
WARNING: [Synth 8-3331] design xbip_dsp48e1_wrapper_v3_0 has unconnected port CECTRL
WARNING: [Synth 8-3331] design xbip_dsp48e1_wrapper_v3_0 has unconnected port CEALUMODE
WARNING: [Synth 8-3331] design xbip_dsp48e1_wrapper_v3_0 has unconnected port CEINMODE
WARNING: [Synth 8-3331] design xbip_dsp48e1_wrapper_v3_0 has unconnected port CEM
WARNING: [Synth 8-3331] design xbip_dsp48e1_wrapper_v3_0 has unconnected port CEP
WARNING: [Synth 8-3331] design xbip_dsp48e1_wrapper_v3_0 has unconnected port SCLRA
WARNING: [Synth 8-3331] design xbip_dsp48e1_wrapper_v3_0 has unconnected port SCLRB
WARNING: [Synth 8-3331] design xbip_dsp48e1_wrapper_v3_0 has unconnected port SCLRC
WARNING: [Synth 8-3331] design xbip_dsp48e1_wrapper_v3_0 has unconnected port SCLRD
WARNING: [Synth 8-3331] design xbip_dsp48e1_wrapper_v3_0 has unconnected port SCLRALLCARRYIN
WARNING: [Synth 8-3331] design xbip_dsp48e1_wrapper_v3_0 has unconnected port SCLRCTRL
WARNING: [Synth 8-3331] design xbip_dsp48e1_wrapper_v3_0 has unconnected port SCLRALUMODE
WARNING: [Synth 8-3331] design xbip_dsp48e1_wrapper_v3_0 has unconnected port SCLRINMODE
WARNING: [Synth 8-3331] design xbip_dsp48e1_wrapper_v3_0 has unconnected port SCLRM
WARNING: [Synth 8-3331] design xbip_dsp48e1_wrapper_v3_0 has unconnected port SCLRP
WARNING: [Synth 8-3331] design xbip_pipe_v3_0_2_viv__parameterized33 has unconnected port SCLR
WARNING: [Synth 8-3331] design xbip_pipe_v3_0_2_viv__parameterized33 has unconnected port SSET
WARNING: [Synth 8-3331] design xbip_pipe_v3_0_2_viv__parameterized33 has unconnected port SINIT
WARNING: [Synth 8-3331] design xbip_pipe_v3_0_2_viv__parameterized31 has unconnected port SCLR
WARNING: [Synth 8-3331] design xbip_pipe_v3_0_2_viv__parameterized31 has unconnected port SSET
WARNING: [Synth 8-3331] design xbip_pipe_v3_0_2_viv__parameterized31 has unconnected port SINIT
WARNING: [Synth 8-3331] design xbip_pipe_v3_0_2_viv__parameterized29 has unconnected port SCLR
WARNING: [Synth 8-3331] design xbip_pipe_v3_0_2_viv__parameterized29 has unconnected port SSET
WARNING: [Synth 8-3331] design xbip_pipe_v3_0_2_viv__parameterized29 has unconnected port SINIT
WARNING: [Synth 8-3331] design dds_compiler_v6_0_12_eff has unconnected port mute_i
WARNING: [Synth 8-3331] design dds_compiler_v6_0_12_eff has unconnected port acc_phase_to_lut[15]
WARNING: [Synth 8-3331] design dds_compiler_v6_0_12_eff has unconnected port acc_phase_to_lut[14]
WARNING: [Synth 8-3331] design dds_compiler_v6_0_12_eff has unconnected port acc_phase_to_lut[13]
WARNING: [Synth 8-3331] design dds_compiler_v6_0_12_eff has unconnected port acc_phase_to_lut[12]
WARNING: [Synth 8-3331] design dds_compiler_v6_0_12_eff has unconnected port acc_phase_to_lut[11]
WARNING: [Synth 8-3331] design dds_compiler_v6_0_12_eff has unconnected port acc_phase_to_lut[10]
WARNING: [Synth 8-3331] design dds_compiler_v6_0_12_eff has unconnected port acc_phase_to_lut[9]
WARNING: [Synth 8-3331] design dds_compiler_v6_0_12_eff has unconnected port acc_phase_to_lut[8]
WARNING: [Synth 8-3331] design dds_compiler_v6_0_12_eff has unconnected port acc_phase_to_lut[7]
WARNING: [Synth 8-3331] design dds_compiler_v6_0_12_eff has unconnected port acc_phase_to_lut[6]
WARNING: [Synth 8-3331] design dds_compiler_v6_0_12_eff has unconnected port acc_phase_to_lut[5]
WARNING: [Synth 8-3331] design xbip_pipe_v3_0_2_viv__parameterized19 has unconnected port SCLR
WARNING: [Synth 8-3331] design xbip_pipe_v3_0_2_viv__parameterized19 has unconnected port SSET
WARNING: [Synth 8-3331] design xbip_pipe_v3_0_2_viv__parameterized19 has unconnected port SINIT
WARNING: [Synth 8-3331] design xbip_pipe_v3_0_2_viv__parameterized17 has unconnected port SCLR
WARNING: [Synth 8-3331] design xbip_pipe_v3_0_2_viv__parameterized17 has unconnected port SSET
WARNING: [Synth 8-3331] design xbip_pipe_v3_0_2_viv__parameterized17 has unconnected port SINIT
WARNING: [Synth 8-3331] design xbip_pipe_v3_0_2_viv__parameterized27 has unconnected port CLK
WARNING: [Synth 8-3331] design xbip_pipe_v3_0_2_viv__parameterized27 has unconnected port CE
WARNING: [Synth 8-3331] design xbip_pipe_v3_0_2_viv__parameterized27 has unconnected port SCLR
WARNING: [Synth 8-3331] design xbip_pipe_v3_0_2_viv__parameterized27 has unconnected port SSET
WARNING: [Synth 8-3331] design xbip_pipe_v3_0_2_viv__parameterized27 has unconnected port SINIT
WARNING: [Synth 8-3331] design xbip_pipe_v3_0_2_viv__parameterized25 has unconnected port CLK
WARNING: [Synth 8-3331] design xbip_pipe_v3_0_2_viv__parameterized25 has unconnected port CE
WARNING: [Synth 8-3331] design xbip_pipe_v3_0_2_viv__parameterized25 has unconnected port SCLR
WARNING: [Synth 8-3331] design xbip_pipe_v3_0_2_viv__parameterized25 has unconnected port SSET
WARNING: [Synth 8-3331] design xbip_pipe_v3_0_2_viv__parameterized25 has unconnected port SINIT
WARNING: [Synth 8-3331] design xbip_pipe_v3_0_2_viv__parameterized23 has unconnected port SCLR
WARNING: [Synth 8-3331] design xbip_pipe_v3_0_2_viv__parameterized23 has unconnected port SSET
WARNING: [Synth 8-3331] design xbip_pipe_v3_0_2_viv__parameterized23 has unconnected port SINIT
WARNING: [Synth 8-3331] design xbip_pipe_v3_0_2_viv__parameterized21 has unconnected port SCLR
WARNING: [Synth 8-3331] design xbip_pipe_v3_0_2_viv__parameterized21 has unconnected port SSET
WARNING: [Synth 8-3331] design xbip_pipe_v3_0_2_viv__parameterized21 has unconnected port SINIT
WARNING: [Synth 8-3331] design sin_cos has unconnected port SCLR
WARNING: [Synth 8-3331] design xbip_pipe_v3_0_2_viv__parameterized15 has unconnected port CLK
WARNING: [Synth 8-3331] design xbip_pipe_v3_0_2_viv__parameterized15 has unconnected port CE
WARNING: [Synth 8-3331] design xbip_pipe_v3_0_2_viv__parameterized15 has unconnected port SCLR
WARNING: [Synth 8-3331] design xbip_pipe_v3_0_2_viv__parameterized15 has unconnected port SSET
WARNING: [Synth 8-3331] design xbip_pipe_v3_0_2_viv__parameterized15 has unconnected port SINIT
WARNING: [Synth 8-3331] design xbip_pipe_v3_0_2_viv__parameterized3 has unconnected port SCLR
WARNING: [Synth 8-3331] design xbip_pipe_v3_0_2_viv__parameterized3 has unconnected port SSET
WARNING: [Synth 8-3331] design xbip_pipe_v3_0_2_viv__parameterized3 has unconnected port SINIT
INFO: [Common 17-14] Message 'Synth 8-3331' appears 100 times and further instances of the messages will be disabled. Use the Tcl command set_msg_config to change the current settings.
---------------------------------------------------------------------------------
Finished RTL Elaboration : Time (s): cpu = 00:00:39 ; elapsed = 00:00:47 . Memory (MB): peak = 348.313 ; gain = 141.523
---------------------------------------------------------------------------------

Report Check Netlist: 
+------+------------------+-------+---------+-------+------------------+
|      |Item              |Errors |Warnings |Status |Description       |
+------+------------------+-------+---------+-------+------------------+
|1     |multi_driven_nets |      0|        0|Passed |Multi driven nets |
+------+------------------+-------+---------+-------+------------------+
---------------------------------------------------------------------------------
Finished RTL Optimization Phase 1 : Time (s): cpu = 00:00:40 ; elapsed = 00:00:47 . Memory (MB): peak = 348.313 ; gain = 141.523
---------------------------------------------------------------------------------
INFO: [Netlist 29-17] Analyzing 3 Unisim elements for replacement
INFO: [Netlist 29-28] Unisim Transformation completed in 0 CPU seconds
INFO: [Device 21-403] Loading part xc7z010clg400-1
INFO: [Project 1-570] Preparing netlist for logic optimization

Processing XDC Constraints
Initializing timing engine
Parsing XDC File [c:/Users/RazBB/Desktop/RP_FPGA/RP_out_mix/RP_out_mix.srcs/sources_1/ip/Sine_wave/Sine_wave_ooc.xdc] for cell 'U0'
Finished Parsing XDC File [c:/Users/RazBB/Desktop/RP_FPGA/RP_out_mix/RP_out_mix.srcs/sources_1/ip/Sine_wave/Sine_wave_ooc.xdc] for cell 'U0'
Parsing XDC File [C:/Users/RazBB/Desktop/RP_FPGA/RP_out_mix/RP_out_mix.runs/Sine_wave_synth_1/dont_touch.xdc]
Finished Parsing XDC File [C:/Users/RazBB/Desktop/RP_FPGA/RP_out_mix/RP_out_mix.runs/Sine_wave_synth_1/dont_touch.xdc]
Completed Processing XDC Constraints

INFO: [Project 1-111] Unisim Transformation Summary:
No Unisim elements were transformed.

Constraint Validation Runtime : Time (s): cpu = 00:00:00 ; elapsed = 00:00:00.086 . Memory (MB): peak = 552.066 ; gain = 0.000
---------------------------------------------------------------------------------
Finished Constraint Validation : Time (s): cpu = 00:01:11 ; elapsed = 00:01:23 . Memory (MB): peak = 552.066 ; gain = 345.277
---------------------------------------------------------------------------------
---------------------------------------------------------------------------------
Start Loading Part and Timing Information
---------------------------------------------------------------------------------
Loading part: xc7z010clg400-1
---------------------------------------------------------------------------------
Finished Loading Part and Timing Information : Time (s): cpu = 00:01:11 ; elapsed = 00:01:23 . Memory (MB): peak = 552.066 ; gain = 345.277
---------------------------------------------------------------------------------
---------------------------------------------------------------------------------
Start Applying 'set_property' XDC Constraints
---------------------------------------------------------------------------------
Applied set_property DONT_TOUCH = true for U0. (constraint file  auto generated constraint, line ).
---------------------------------------------------------------------------------
Finished applying 'set_property' XDC Constraints : Time (s): cpu = 00:01:11 ; elapsed = 00:01:23 . Memory (MB): peak = 552.066 ; gain = 345.277
---------------------------------------------------------------------------------
INFO: [Synth 8-5547] Trying to map ROM "sin_cos_lut" into Block RAM due to explicit "ram_style" or "rom_style" specification
INFO: [Synth 8-5547] Trying to map ROM "sin_cos_lut" into Block RAM due to explicit "ram_style" or "rom_style" specification
---------------------------------------------------------------------------------
Finished RTL Optimization Phase 2 : Time (s): cpu = 00:01:13 ; elapsed = 00:01:25 . Memory (MB): peak = 552.066 ; gain = 345.277
---------------------------------------------------------------------------------

Report RTL Partitions: 
+-+--------------+------------+----------+
| |RTL Partition |Replication |Instances |
+-+--------------+------------+----------+
+-+--------------+------------+----------+
---------------------------------------------------------------------------------
Start RTL Component Statistics 
---------------------------------------------------------------------------------
---------------------------------------------------------------------------------
Finished RTL Component Statistics 
---------------------------------------------------------------------------------
---------------------------------------------------------------------------------
Start RTL Hierarchical Component Statistics 
---------------------------------------------------------------------------------
---------------------------------------------------------------------------------
Finished RTL Hierarchical Component Statistics
---------------------------------------------------------------------------------
---------------------------------------------------------------------------------
Start Part Resource Summary
---------------------------------------------------------------------------------
Part Resources:
DSPs: 80 (col length:40)
BRAMs: 120 (col length: RAMB18 40 RAMB36 20)
---------------------------------------------------------------------------------
Finished Part Resource Summary
---------------------------------------------------------------------------------
Start Parallel Synthesis Optimization  : Time (s): cpu = 00:01:14 ; elapsed = 00:01:26 . Memory (MB): peak = 552.066 ; gain = 345.277
---------------------------------------------------------------------------------
Start Cross Boundary Optimization
---------------------------------------------------------------------------------
INFO: [Synth 8-5547] Trying to map ROM "p_0_out" into Block RAM due to explicit "ram_style" or "rom_style" specification
INFO: [Synth 8-5547] Trying to map ROM "p_0_out" into Block RAM due to explicit "ram_style" or "rom_style" specification
---------------------------------------------------------------------------------
Finished Cross Boundary Optimization : Time (s): cpu = 00:01:15 ; elapsed = 00:01:27 . Memory (MB): peak = 552.066 ; gain = 345.277
---------------------------------------------------------------------------------
Finished Parallel Reinference  : Time (s): cpu = 00:01:15 ; elapsed = 00:01:27 . Memory (MB): peak = 552.066 ; gain = 345.277

Report RTL Partitions: 
+-+--------------+------------+----------+
| |RTL Partition |Replication |Instances |
+-+--------------+------------+----------+
+-+--------------+------------+----------+
---------------------------------------------------------------------------------
Start Area Optimization
---------------------------------------------------------------------------------
---------------------------------------------------------------------------------
Finished Area Optimization : Time (s): cpu = 00:01:15 ; elapsed = 00:01:27 . Memory (MB): peak = 552.066 ; gain = 345.277
---------------------------------------------------------------------------------
Finished Parallel Area Optimization  : Time (s): cpu = 00:01:15 ; elapsed = 00:01:27 . Memory (MB): peak = 552.066 ; gain = 345.277

Report RTL Partitions: 
+-+--------------+------------+----------+
| |RTL Partition |Replication |Instances |
+-+--------------+------------+----------+
+-+--------------+------------+----------+
---------------------------------------------------------------------------------
Start Timing Optimization
---------------------------------------------------------------------------------
---------------------------------------------------------------------------------
Start Applying XDC Timing Constraints
---------------------------------------------------------------------------------
---------------------------------------------------------------------------------
Finished Applying XDC Timing Constraints : Time (s): cpu = 00:02:02 ; elapsed = 00:02:14 . Memory (MB): peak = 622.781 ; gain = 415.992
---------------------------------------------------------------------------------
---------------------------------------------------------------------------------
Finished Timing Optimization : Time (s): cpu = 00:02:02 ; elapsed = 00:02:15 . Memory (MB): peak = 624.699 ; gain = 417.910
---------------------------------------------------------------------------------

Report RTL Partitions: 
+-+--------------+------------+----------+
| |RTL Partition |Replication |Instances |
+-+--------------+------------+----------+
+-+--------------+------------+----------+
---------------------------------------------------------------------------------
Start Technology Mapping
---------------------------------------------------------------------------------
---------------------------------------------------------------------------------
Finished Technology Mapping : Time (s): cpu = 00:02:02 ; elapsed = 00:02:15 . Memory (MB): peak = 644.113 ; gain = 437.324
---------------------------------------------------------------------------------
Finished Parallel Technology Mapping Optimization  : Time (s): cpu = 00:02:02 ; elapsed = 00:02:15 . Memory (MB): peak = 644.113 ; gain = 437.324

Report RTL Partitions: 
+-+--------------+------------+----------+
| |RTL Partition |Replication |Instances |
+-+--------------+------------+----------+
+-+--------------+------------+----------+
Finished Parallel Synthesis Optimization  : Time (s): cpu = 00:02:02 ; elapsed = 00:02:15 . Memory (MB): peak = 644.113 ; gain = 437.324
---------------------------------------------------------------------------------
Start IO Insertion
---------------------------------------------------------------------------------
---------------------------------------------------------------------------------
Start Flattening Before IO Insertion
---------------------------------------------------------------------------------
---------------------------------------------------------------------------------
Finished Flattening Before IO Insertion
---------------------------------------------------------------------------------
---------------------------------------------------------------------------------
Start Final Netlist Cleanup
---------------------------------------------------------------------------------
---------------------------------------------------------------------------------
Finished Final Netlist Cleanup
---------------------------------------------------------------------------------
---------------------------------------------------------------------------------
Finished IO Insertion : Time (s): cpu = 00:02:04 ; elapsed = 00:02:17 . Memory (MB): peak = 644.113 ; gain = 437.324
---------------------------------------------------------------------------------

Report Check Netlist: 
+------+------------------+-------+---------+-------+------------------+
|      |Item              |Errors |Warnings |Status |Description       |
+------+------------------+-------+---------+-------+------------------+
|1     |multi_driven_nets |      0|        0|Passed |Multi driven nets |
+------+------------------+-------+---------+-------+------------------+
---------------------------------------------------------------------------------
Start Renaming Generated Instances
---------------------------------------------------------------------------------
---------------------------------------------------------------------------------
Finished Renaming Generated Instances : Time (s): cpu = 00:02:04 ; elapsed = 00:02:17 . Memory (MB): peak = 644.113 ; gain = 437.324
---------------------------------------------------------------------------------

Report RTL Partitions: 
+-+--------------+------------+----------+
| |RTL Partition |Replication |Instances |
+-+--------------+------------+----------+
+-+--------------+------------+----------+
---------------------------------------------------------------------------------
Start Rebuilding User Hierarchy
---------------------------------------------------------------------------------
---------------------------------------------------------------------------------
Finished Rebuilding User Hierarchy : Time (s): cpu = 00:02:04 ; elapsed = 00:02:17 . Memory (MB): peak = 644.113 ; gain = 437.324
---------------------------------------------------------------------------------
---------------------------------------------------------------------------------
Start Renaming Generated Ports
---------------------------------------------------------------------------------
---------------------------------------------------------------------------------
Finished Renaming Generated Ports : Time (s): cpu = 00:02:04 ; elapsed = 00:02:17 . Memory (MB): peak = 644.113 ; gain = 437.324
---------------------------------------------------------------------------------
---------------------------------------------------------------------------------
Start Handling Custom Attributes
---------------------------------------------------------------------------------
---------------------------------------------------------------------------------
Finished Handling Custom Attributes : Time (s): cpu = 00:02:05 ; elapsed = 00:02:17 . Memory (MB): peak = 644.113 ; gain = 437.324
---------------------------------------------------------------------------------
---------------------------------------------------------------------------------
Start Renaming Generated Nets
---------------------------------------------------------------------------------
---------------------------------------------------------------------------------
Finished Renaming Generated Nets : Time (s): cpu = 00:02:05 ; elapsed = 00:02:17 . Memory (MB): peak = 644.113 ; gain = 437.324
---------------------------------------------------------------------------------
---------------------------------------------------------------------------------
Start Writing Synthesis Report
---------------------------------------------------------------------------------

Report BlackBoxes: 
+-+--------------+----------+
| |BlackBox name |Instances |
+-+--------------+----------+
+-+--------------+----------+

Report Cell Usage: 
+------+---------+------+
|      |Cell     |Count |
+------+---------+------+
|1     |CARRY4   |    10|
|2     |DSP48E1  |     2|
|3     |LUT1     |    17|
|4     |LUT2     |    36|
|5     |LUT3     |     1|
|6     |LUT4     |     3|
|7     |RAMB18E1 |     1|
|8     |SRL16E   |     1|
|9     |FDRE     |   236|
+------+---------+------+
---------------------------------------------------------------------------------
Finished Writing Synthesis Report : Time (s): cpu = 00:02:05 ; elapsed = 00:02:17 . Memory (MB): peak = 644.113 ; gain = 437.324
---------------------------------------------------------------------------------
Synthesis finished with 0 errors, 0 critical warnings and 14 warnings.
Synthesis Optimization Runtime : Time (s): cpu = 00:01:06 ; elapsed = 00:01:40 . Memory (MB): peak = 644.113 ; gain = 229.352
Synthesis Optimization Complete : Time (s): cpu = 00:02:05 ; elapsed = 00:02:18 . Memory (MB): peak = 644.113 ; gain = 437.324
INFO: [Project 1-571] Translating synthesized netlist
INFO: [Netlist 29-17] Analyzing 13 Unisim elements for replacement
INFO: [Netlist 29-28] Unisim Transformation completed in 0 CPU seconds
INFO: [Project 1-570] Preparing netlist for logic optimization
Parsing XDC File [c:/Users/RazBB/Desktop/RP_FPGA/RP_out_mix/RP_out_mix.srcs/sources_1/ip/Sine_wave/Sine_wave_ooc.xdc] for cell 'U0'
Finished Parsing XDC File [c:/Users/RazBB/Desktop/RP_FPGA/RP_out_mix/RP_out_mix.srcs/sources_1/ip/Sine_wave/Sine_wave_ooc.xdc] for cell 'U0'
INFO: [Opt 31-138] Pushed 0 inverter(s) to 0 load pin(s).
INFO: [Project 1-111] Unisim Transformation Summary:
No Unisim elements were transformed.

INFO: [Common 17-83] Releasing license: Synthesis
21 Infos, 107 Warnings, 0 Critical Warnings and 0 Errors encountered.
synth_design completed successfully
synth_design: Time (s): cpu = 00:02:02 ; elapsed = 00:02:09 . Memory (MB): peak = 644.113 ; gain = 433.105
INFO: [Coretcl 2-1174] Renamed 28 cell refs.
report_utilization: Time (s): cpu = 00:00:00 ; elapsed = 00:00:00.051 . Memory (MB): peak = 644.113 ; gain = 0.000
INFO: [Common 17-206] Exiting Vivado at Fri Aug 19 14:21:48 2016...
